<?xml version="1.0" encoding="UTF-8"?>
<testng-results skipped="0" failed="0" total="1" passed="1">
  <reporter-output>
  </reporter-output>
  <suite name="Flipkart Test Automation Test Suite" duration-ms="52908" started-at="2020-12-13T11:01:22Z" finished-at="2020-12-13T11:02:15Z">
    <groups>
    </groups>
    <test name="Flipkart Test Cases" duration-ms="52908" started-at="2020-12-13T11:01:22Z" finished-at="2020-12-13T11:02:15Z">
      <class name="com.flipkart.qa.testcases.FlipkartTestcases">
        <test-method status="PASS" signature="setup()[pri:0, instance:com.flipkart.qa.testcases.FlipkartTestcases@1fb3008]" name="setup" is-config="true" duration-ms="9518" started-at="2020-12-13T16:31:22Z" finished-at="2020-12-13T16:31:32Z">
          <reporter-output>
          </reporter-output>
        </test-method> <!-- setup -->
        <test-method status="PASS" signature="FlipkartCases()[pri:0, instance:com.flipkart.qa.testcases.FlipkartTestcases@1fb3008]" name="FlipkartCases" duration-ms="42413" started-at="2020-12-13T16:31:32Z" finished-at="2020-12-13T16:32:14Z">
          <reporter-output>
          </reporter-output>
        </test-method> <!-- FlipkartCases -->
        <test-method status="PASS" signature="teardown(org.testng.ITestResult)[pri:0, instance:com.flipkart.qa.testcases.FlipkartTestcases@1fb3008]" name="teardown" is-config="true" duration-ms="955" started-at="2020-12-13T16:32:14Z" finished-at="2020-12-13T16:32:15Z">
          <params>
            <param index="0">
              <value>
                <![CDATA[[TestResult name=FlipkartCases status=SUCCESS method=FlipkartTestcases.FlipkartCases()[pri:0, instance:com.flipkart.qa.testcases.FlipkartTestcases@1fb3008] output={null}]]]>
              </value>
            </param>
          </params>
          <reporter-output>
          </reporter-output>
        </test-method> <!-- teardown -->
      </class> <!-- com.flipkart.qa.testcases.FlipkartTestcases -->
    </test> <!-- Flipkart Test Cases -->
  </suite> <!-- Flipkart Test Automation Test Suite -->
</testng-results>
