<?xml version="1.0" encoding="UTF-8"?>
<testsuite xmlns:xsi="http://www.w3.org/2001/XMLSchema-instance" xsi:noNamespaceSchemaLocation="https://maven.apache.org/surefire/maven-surefire-plugin/xsd/surefire-test-report-3.0.xsd" version="3.0" name="TestSuite" time="60.106" tests="1" errors="0" skipped="0" failures="0">
  <properties>
[...]
</properties>
  <testcase name="FlipkartCases" classname="com.flipkart.qa.testcases.FlipkartTestcases" time="46.137">
    <system-out><![CDATA[flipkart
flipkart seller
flipkart customer care
flipkart app
flipkart offers
flipkart seller login
flipkart customer care number gujarat
flipkart mobile
flipkart share price
flipkart contact number
Voltas 1.5 Ton 5 Star Window AC - White
Blue Star 1 Ton 5 Star Window AC - White
Voltas 1.5 Ton 3 Star Window AC - White
₹25,990
₹23,310
₹22,499
Currently out of stock for 534002
]]></system-out>
    <system-err><![CDATA[Starting ChromeDriver 87.0.4280.88 (89e2380a3e36c3464b5dd1302349b1382549290d-refs/branch-heads/4280@{#1761}) on port 23615
Only local connections are allowed.
Please see https://chromedriver.chromium.org/security-considerations for suggestions on keeping ChromeDriver safe.
ChromeDriver was started successfully.
Dec 13, 2020 3:45:06 PM org.openqa.selenium.remote.ProtocolHandshake createSession
INFO: Detected dialect: W3C
]]></system-err>
  </testcase>
</testsuite>