<?xml version="1.0" encoding="UTF-8"?>
<testng-results skipped="0" failed="0" total="1" passed="1">
  <reporter-output>
  </reporter-output>
  <suite name="Flipkart Test Automation Test Suite" duration-ms="94083" started-at="2020-12-13T10:06:52Z" finished-at="2020-12-13T10:08:26Z">
    <groups>
    </groups>
    <test name="Flipkart Test Cases" duration-ms="94083" started-at="2020-12-13T10:06:52Z" finished-at="2020-12-13T10:08:26Z">
      <class name="com.flipkart.qa.testcases.FlipkartTestcases">
        <test-method status="PASS" signature="setup()[pri:0, instance:com.flipkart.qa.testcases.FlipkartTestcases@16905e]" name="setup" is-config="true" duration-ms="26276" started-at="2020-12-13T15:36:52Z" finished-at="2020-12-13T15:37:18Z">
          <reporter-output>
          </reporter-output>
        </test-method> <!-- setup -->
        <test-method status="PASS" signature="FlipkartCases()[pri:0, instance:com.flipkart.qa.testcases.FlipkartTestcases@16905e]" name="FlipkartCases" duration-ms="66549" started-at="2020-12-13T15:37:18Z" finished-at="2020-12-13T15:38:25Z">
          <reporter-output>
          </reporter-output>
        </test-method> <!-- FlipkartCases -->
        <test-method status="PASS" signature="teardown(org.testng.ITestResult)[pri:0, instance:com.flipkart.qa.testcases.FlipkartTestcases@16905e]" name="teardown" is-config="true" duration-ms="1233" started-at="2020-12-13T15:38:25Z" finished-at="2020-12-13T15:38:26Z">
          <params>
            <param index="0">
              <value>
                <![CDATA[[TestResult name=FlipkartCases status=SUCCESS method=FlipkartTestcases.FlipkartCases()[pri:0, instance:com.flipkart.qa.testcases.FlipkartTestcases@16905e] output={null}]]]>
              </value>
            </param>
          </params>
          <reporter-output>
          </reporter-output>
        </test-method> <!-- teardown -->
      </class> <!-- com.flipkart.qa.testcases.FlipkartTestcases -->
    </test> <!-- Flipkart Test Cases -->
  </suite> <!-- Flipkart Test Automation Test Suite -->
</testng-results>
